<?xml version='1.0' encoding='UTF-8'?>
<testsuite hostname="dustin-ws-ubuntu" name="MailSenderTest" tests="1" errors="0" failures="1" time="0.031">
        <properties>
[...]
</properties>
        <testcase classname="MailSenderTest" name="testMailSender" time="0.0">
      <failure message="There is no started application" type="sbt.ForkMain$ForkError">
          sbt.ForkMain$ForkError: There is no started application
          at scala.sys.package$.error(package.scala:27)
          at play.api.Play$$anonfun$current$1.apply(Play.scala:68)
          at play.api.Play$$anonfun$current$1.apply(Play.scala:68)
          at scala.Option.getOrElse(Option.scala:120)
          at play.api.Play$.current(Play.scala:68)
          at play.api.Play.current(Play.scala)
          at play.Play.application(Play.java:12)
          at utils.MailPluginSender.sendConfirmationEmail(MailSender.java:12)
          at MailSenderTest.testMailSender(MailSenderTest.java:12)
          at sun.reflect.NativeMethodAccessorImpl.invoke0(Native Method)
          at sun.reflect.NativeMethodAccessorImpl.invoke(NativeMethodAccessorImpl.java:57)
          at sun.reflect.DelegatingMethodAccessorImpl.invoke(DelegatingMethodAccessorImpl.java:43)
          at java.lang.reflect.Method.invoke(Method.java:606)
          at org.junit.runners.model.FrameworkMethod$1.runReflectiveCall(FrameworkMethod.java:47)
          at org.junit.internal.runners.model.ReflectiveCallable.run(ReflectiveCallable.java:12)
          at org.junit.runners.model.FrameworkMethod.invokeExplosively(FrameworkMethod.java:44)
          at org.junit.internal.runners.statements.InvokeMethod.evaluate(InvokeMethod.java:17)
          at org.junit.runners.ParentRunner.runLeaf(ParentRunner.java:271)
          at org.junit.runners.BlockJUnit4ClassRunner.runChild(BlockJUnit4ClassRunner.java:70)
          at org.junit.runners.BlockJUnit4ClassRunner.runChild(BlockJUnit4ClassRunner.java:50)
          at org.junit.runners.ParentRunner$3.run(ParentRunner.java:238)
          at org.junit.runners.ParentRunner$1.schedule(ParentRunner.java:63)
          at org.junit.runners.ParentRunner.runChildren(ParentRunner.java:236)
          at org.junit.runners.ParentRunner.access$000(ParentRunner.java:53)
          at org.junit.runners.ParentRunner$2.evaluate(ParentRunner.java:229)
          at org.junit.runners.ParentRunner.run(ParentRunner.java:309)
          at org.junit.runners.Suite.runChild(Suite.java:127)
          at org.junit.runners.Suite.runChild(Suite.java:26)
          at org.junit.runners.ParentRunner$3.run(ParentRunner.java:238)
          at org.junit.runners.ParentRunner$1.schedule(ParentRunner.java:63)
          at org.junit.runners.ParentRunner.runChildren(ParentRunner.java:236)
          at org.junit.runners.ParentRunner.access$000(ParentRunner.java:53)
          at org.junit.runners.ParentRunner$2.evaluate(ParentRunner.java:229)
          at org.junit.runners.ParentRunner.run(ParentRunner.java:309)
          at org.junit.runner.JUnitCore.run(JUnitCore.java:160)
          at org.junit.runner.JUnitCore.run(JUnitCore.java:138)
          at com.novocode.junit.JUnitRunner.run(JUnitRunner.java:90)
          at sbt.RunnerWrapper$1.runRunner2(FrameworkWrapper.java:220)
          at sbt.RunnerWrapper$1.execute(FrameworkWrapper.java:233)
          at sbt.ForkMain$Run.runTest(ForkMain.java:239)
          at sbt.ForkMain$Run.runTestSafe(ForkMain.java:211)
          at sbt.ForkMain$Run.runTests(ForkMain.java:187)
          at sbt.ForkMain$Run.run(ForkMain.java:251)
          at sbt.ForkMain.main(ForkMain.java:97)

      </failure>
    </testcase>
        <system-out>
          
        </system-out>
        <system-err>
          
        </system-err>
      </testsuite>